<?xml version="1.0" encoding="UTF-8" ?>
<testsuite errors="0" failures="0" hostname="pc-702.home" name="TriangleTest" skipped="0" tests="8" time="0.094" timestamp="2023-08-31T15:04:11">
  <properties>
[...]
</properties>
  <testcase classname="TriangleTest" name="testScaleneTriangle" time="0.003" />
  <testcase classname="TriangleTest" name="testperimeternot8" time="0.0" />
  <testcase classname="TriangleTest" name="testInvalidTriangle" time="0.0" />
  <testcase classname="TriangleTest" name="testsameperimeter" time="0.0" />
  <testcase classname="TriangleTest" name="testEquilateralTriangle" time="0.0" />
  <testcase classname="TriangleTest" name="testsameperimeterzero" time="0.0" />
  <testcase classname="TriangleTest" name="testIsoceleTriangle" time="0.001" />
  <testcase classname="TriangleTest" name="testperimeter8" time="0.0" />
  <system-out><![CDATA[]]></system-out>
  <system-err><![CDATA[]]></system-err>
</testsuite>
